13:47:47.333 [main] INFO  org.wso2.migration.docs.DirectoryManagementUtil - Migration directory path created: attachments
13:47:47.337 [main] INFO  org.wso2.migration.docs.DirectoryManagementUtil - Migration directory path created: migration-documents/api-manager
13:47:47.337 [main] INFO  org.wso2.migration.docs.DirectoryManagementUtil - Migration directory path created: db-scripts
13:54:40.472 [main] INFO  org.wso2.migration.docs.MigrationDocumentCreator - ........................................................
13:54:40.476 [main] INFO  org.wso2.migration.docs.MigrationDocumentCreator - ........................................................
13:54:40.476 [main] INFO  org.wso2.migration.docs.MigrationDocumentCreator - ...........Starting Migration Document Creator..........
13:54:40.476 [main] INFO  org.wso2.migration.docs.MigrationDocumentCreator - ........................................................
13:54:40.476 [main] INFO  org.wso2.migration.docs.MigrationDocumentCreator - ........................................................
13:54:43.412 [main] INFO  org.wso2.migration.docs.DirectoryManagementUtil - Migration directory path created: attachments
13:54:43.414 [main] INFO  org.wso2.migration.docs.DirectoryManagementUtil - Migration directory path created: migration-documents/api-manager
13:54:43.414 [main] INFO  org.wso2.migration.docs.DirectoryManagementUtil - Migration directory path created: db-scripts
13:58:57.669 [main] INFO  org.wso2.migration.docs.MigrationDocumentCreator - ........................................................
13:58:57.672 [main] INFO  org.wso2.migration.docs.MigrationDocumentCreator - ........................................................
13:58:57.673 [main] INFO  org.wso2.migration.docs.MigrationDocumentCreator - ...........Starting Migration Document Creator..........
13:58:57.673 [main] INFO  org.wso2.migration.docs.MigrationDocumentCreator - ........................................................
13:58:57.673 [main] INFO  org.wso2.migration.docs.MigrationDocumentCreator - ........................................................
13:59:00.665 [main] INFO  org.wso2.migration.docs.DirectoryManagementUtil - Migration directory path created: attachments
13:59:00.666 [main] INFO  org.wso2.migration.docs.DirectoryManagementUtil - Migration directory path created: migration-documents/api-manager
13:59:00.667 [main] INFO  org.wso2.migration.docs.DirectoryManagementUtil - Migration directory path created: db-scripts
13:59:00.671 [main] INFO  org.wso2.migration.docs.DirectoryManagementUtil - Directory zipped successfully: APIM-3.1.0-4.1.0-Migration
13:59:00.678 [main] INFO  org.wso2.migration.docs.DirectoryManagementUtil - Directory deleted successfully: APIM-3.1.0-4.1.0-Migration
14:06:15.345 [main] INFO  org.wso2.migration.docs.MigrationDocumentCreator - ........................................................
14:06:15.347 [main] INFO  org.wso2.migration.docs.MigrationDocumentCreator - ........................................................
14:06:15.347 [main] INFO  org.wso2.migration.docs.MigrationDocumentCreator - ...........Starting Migration Document Creator..........
14:06:15.347 [main] INFO  org.wso2.migration.docs.MigrationDocumentCreator - ........................................................
14:06:15.348 [main] INFO  org.wso2.migration.docs.MigrationDocumentCreator - ........................................................
14:06:15.535 [main] INFO  org.wso2.migration.docs.config.YAMLConfigReader - Read the configurations from the config.yaml successfully.
14:06:18.077 [main] INFO  org.wso2.migration.docs.DirectoryManagementUtil - Migration directory path created: attachments
14:06:18.078 [main] INFO  org.wso2.migration.docs.DirectoryManagementUtil - Migration directory path created: migration-documents/api-manager
14:06:18.079 [main] INFO  org.wso2.migration.docs.DirectoryManagementUtil - Migration directory path created: db-scripts
14:06:18.084 [main] INFO  org.wso2.migration.docs.DirectoryManagementUtil - Directory zipped successfully: APIM-3.1.0-4.1.0-Migration
14:06:18.093 [main] INFO  org.wso2.migration.docs.DirectoryManagementUtil - Directory deleted successfully: APIM-3.1.0-4.1.0-Migration
14:06:38.683 [main] INFO  org.wso2.migration.docs.MigrationDocumentCreator - ........................................................
14:06:38.685 [main] INFO  org.wso2.migration.docs.MigrationDocumentCreator - ........................................................
14:06:38.686 [main] INFO  org.wso2.migration.docs.MigrationDocumentCreator - ...........Starting Migration Document Creator..........
14:06:38.686 [main] INFO  org.wso2.migration.docs.MigrationDocumentCreator - ........................................................
14:06:38.686 [main] INFO  org.wso2.migration.docs.MigrationDocumentCreator - ........................................................
14:06:38.876 [main] INFO  org.wso2.migration.docs.config.YAMLConfigReader - Read the configurations from the config.yaml successfully.
14:06:41.287 [main] INFO  org.wso2.migration.docs.DirectoryManagementUtil - Migration directory path created: attachments
14:06:41.289 [main] INFO  org.wso2.migration.docs.DirectoryManagementUtil - Migration directory path created: migration-documents/api-manager
14:06:41.290 [main] INFO  org.wso2.migration.docs.DirectoryManagementUtil - Migration directory path created: db-scripts
14:06:41.295 [main] INFO  org.wso2.migration.docs.DirectoryManagementUtil - Directory zipped successfully: APIM-3.1.0-4.1.0-Migration
14:06:41.307 [main] INFO  org.wso2.migration.docs.DirectoryManagementUtil - Directory deleted successfully: APIM-3.1.0-4.1.0-Migration
14:10:06.967 [main] INFO  org.wso2.migration.docs.MigrationDocumentCreator - ........................................................
14:10:06.972 [main] INFO  org.wso2.migration.docs.MigrationDocumentCreator - ........................................................
14:10:06.972 [main] INFO  org.wso2.migration.docs.MigrationDocumentCreator - ...........Starting Migration Document Creator..........
14:10:06.972 [main] INFO  org.wso2.migration.docs.MigrationDocumentCreator - ........................................................
14:10:06.972 [main] INFO  org.wso2.migration.docs.MigrationDocumentCreator - ........................................................
14:10:07.151 [main] INFO  org.wso2.migration.docs.config.YAMLConfigReader - Read the configurations from the config.yaml successfully.
14:10:10.185 [main] INFO  org.wso2.migration.docs.DirectoryManagementUtil - Migration directory path created: attachments
14:10:10.187 [main] INFO  org.wso2.migration.docs.DirectoryManagementUtil - Migration directory path created: migration-documents/api-manager
14:10:10.187 [main] INFO  org.wso2.migration.docs.DirectoryManagementUtil - Migration directory path created: db-scripts
14:10:10.192 [main] INFO  org.wso2.migration.docs.DirectoryManagementUtil - Directory zipped successfully: APIM-3.1.0-4.1.0-Migration
14:10:10.200 [main] INFO  org.wso2.migration.docs.DirectoryManagementUtil - Directory deleted successfully: APIM-3.1.0-4.1.0-Migration
14:12:18.740 [main] INFO  org.wso2.migration.docs.MigrationDocumentCreator - ........................................................
14:12:18.742 [main] INFO  org.wso2.migration.docs.MigrationDocumentCreator - ........................................................
14:12:18.743 [main] INFO  org.wso2.migration.docs.MigrationDocumentCreator - ...........Starting Migration Document Creator..........
14:12:18.743 [main] INFO  org.wso2.migration.docs.MigrationDocumentCreator - ........................................................
14:12:18.743 [main] INFO  org.wso2.migration.docs.MigrationDocumentCreator - ........................................................
14:12:18.921 [main] INFO  org.wso2.migration.docs.config.YAMLConfigReader - Read the configurations from the config.yaml successfully.
14:12:21.644 [main] INFO  org.wso2.migration.docs.DirectoryManagementUtil - Migration directory path created: attachments
14:12:21.646 [main] INFO  org.wso2.migration.docs.DirectoryManagementUtil - Migration directory path created: migration-documents/api-manager
14:12:21.646 [main] INFO  org.wso2.migration.docs.DirectoryManagementUtil - Migration directory path created: db-scripts
14:12:21.650 [main] INFO  org.wso2.migration.docs.DirectoryManagementUtil - Directory zipped successfully: APIM-3.1.0-4.1.0-Migration
14:12:21.657 [main] INFO  org.wso2.migration.docs.DirectoryManagementUtil - Directory deleted successfully: APIM-3.1.0-4.1.0-Migration
14:14:46.664 [main] INFO  org.wso2.migration.docs.MigrationDocumentCreator - ........................................................
14:14:46.667 [main] INFO  org.wso2.migration.docs.MigrationDocumentCreator - ........................................................
14:14:46.667 [main] INFO  org.wso2.migration.docs.MigrationDocumentCreator - ...........Starting Migration Document Creator..........
14:14:46.667 [main] INFO  org.wso2.migration.docs.MigrationDocumentCreator - ........................................................
14:14:46.667 [main] INFO  org.wso2.migration.docs.MigrationDocumentCreator - ........................................................
14:14:46.851 [main] INFO  org.wso2.migration.docs.config.YAMLConfigReader - Read the configurations from the config.yaml successfully.
14:14:49.560 [main] INFO  org.wso2.migration.docs.DirectoryManagementUtil - Migration directory path created: attachments
14:14:49.561 [main] INFO  org.wso2.migration.docs.DirectoryManagementUtil - Migration directory path created: migration-documents/api-manager
14:14:49.562 [main] INFO  org.wso2.migration.docs.DirectoryManagementUtil - Migration directory path created: db-scripts
14:14:49.562 [main] INFO  org.wso2.migration.docs.DirectoryManagementUtil - Directory path already exists:: 
14:14:49.562 [main] INFO  org.wso2.migration.docs.DirectoryManagementUtil - Directory path already exists:: 
14:14:49.566 [main] INFO  org.wso2.migration.docs.DirectoryManagementUtil - Directory zipped successfully: APIM-3.2.0-4.1.0-Migration
14:14:49.574 [main] INFO  org.wso2.migration.docs.DirectoryManagementUtil - Directory deleted successfully: APIM-3.2.0-4.1.0-Migration
14:40:43.647 [main] INFO  org.wso2.migration.docs.MigrationDocumentCreator - ........................................................
14:40:43.650 [main] INFO  org.wso2.migration.docs.MigrationDocumentCreator - ........................................................
14:40:43.650 [main] INFO  org.wso2.migration.docs.MigrationDocumentCreator - ...........Starting Migration Document Creator..........
14:40:43.650 [main] INFO  org.wso2.migration.docs.MigrationDocumentCreator - ........................................................
14:40:43.650 [main] INFO  org.wso2.migration.docs.MigrationDocumentCreator - ........................................................
14:40:43.707 [main] INFO  org.wso2.migration.docs.config.YAMLConfigReader - Read the configurations from the config.yaml successfully.
14:40:43.708 [main] INFO  org.wso2.migration.docs.MigrationDocumentCreator - Creating document artifact from APIM 3.2.0 to 4.1.0
14:40:46.329 [main] INFO  org.wso2.migration.docs.DirectoryManagementUtil - Migration directory path created: attachments
14:40:46.331 [main] INFO  org.wso2.migration.docs.DirectoryManagementUtil - Migration directory path created: migration-documents/api-manager
14:40:46.331 [main] INFO  org.wso2.migration.docs.DirectoryManagementUtil - Migration directory path created: db-scripts
14:40:46.332 [main] INFO  org.wso2.migration.docs.DirectoryManagementUtil - Directory path already exists:: 
14:40:46.332 [main] INFO  org.wso2.migration.docs.DirectoryManagementUtil - Directory path already exists:: 
14:40:46.336 [main] INFO  org.wso2.migration.docs.DirectoryManagementUtil - Directory zipped successfully: APIM-3.2.0-4.1.0-Migration
14:40:46.344 [main] INFO  org.wso2.migration.docs.DirectoryManagementUtil - Directory deleted successfully: APIM-3.2.0-4.1.0-Migration
14:40:46.344 [main] INFO  org.wso2.migration.docs.MigrationDocumentCreator - ........................................................
14:40:46.344 [main] INFO  org.wso2.migration.docs.MigrationDocumentCreator - ........................................................
14:40:46.344 [main] INFO  org.wso2.migration.docs.MigrationDocumentCreator - .........Completing Migration Document Creator..........
14:40:46.344 [main] INFO  org.wso2.migration.docs.MigrationDocumentCreator - ........................................................
14:40:46.345 [main] INFO  org.wso2.migration.docs.MigrationDocumentCreator - ........................................................
